<?xml version="1.0" encoding="UTF-8"?>
<testng-results ignored="0" total="2" passed="2" failed="0" skipped="0">
  <reporter-output>
  </reporter-output>
  <suite started-at="2023-02-14T15:04:12 IST" name="Default suite" finished-at="2023-02-14T15:04:59 IST" duration-ms="47238">
    <groups>
    </groups>
    <test started-at="2023-02-14T15:04:12 IST" name="Default test" finished-at="2023-02-14T15:04:59 IST" duration-ms="47238">
      <class name="Module_1Login_Test_1.SwagLabLoginTest_8">
        <test-method is-config="true" signature="openbrowser()[pri:0, instance:Module_1Login_Test_1.SwagLabLoginTest_8@f0da945]" started-at="2023-02-14T15:04:12 IST" name="openbrowser" finished-at="2023-02-14T15:04:33 IST" duration-ms="20732" status="PASS">
          <reporter-output>
          </reporter-output>
        </test-method> <!-- openbrowser -->
        <test-method is-config="true" signature="openapp()[pri:0, instance:Module_1Login_Test_1.SwagLabLoginTest_8@f0da945]" started-at="2023-02-14T15:04:33 IST" name="openapp" finished-at="2023-02-14T15:04:42 IST" duration-ms="8863" status="PASS">
          <reporter-output>
          </reporter-output>
        </test-method> <!-- openapp -->
        <test-method signature="verifylogo()[pri:1, instance:Module_1Login_Test_1.SwagLabLoginTest_8@f0da945]" started-at="2023-02-14T15:04:42 IST" name="verifylogo" finished-at="2023-02-14T15:04:43 IST" duration-ms="1262" status="PASS">
          <reporter-output>
          </reporter-output>
        </test-method> <!-- verifylogo -->
        <test-method is-config="true" signature="logoutfromapp(org.testng.ITestResult)[pri:0, instance:Module_1Login_Test_1.SwagLabLoginTest_8@f0da945]" started-at="2023-02-14T15:04:43 IST" name="logoutfromapp" finished-at="2023-02-14T15:04:45 IST" duration-ms="2229" status="PASS">
          <params>
            <param index="0">
              <value>
                <![CDATA[[TestResult name=verifylogo status=SUCCESS method=SwagLabLoginTest_8.verifylogo()[pri:1, instance:Module_1Login_Test_1.SwagLabLoginTest_8@f0da945] output={null}]]]>
              </value>
            </param>
          </params>
          <reporter-output>
          </reporter-output>
        </test-method> <!-- logoutfromapp -->
        <test-method is-config="true" signature="openapp()[pri:0, instance:Module_1Login_Test_1.SwagLabLoginTest_8@f0da945]" started-at="2023-02-14T15:04:45 IST" name="openapp" finished-at="2023-02-14T15:04:51 IST" duration-ms="5440" status="PASS">
          <reporter-output>
          </reporter-output>
        </test-method> <!-- openapp -->
        <test-method signature="getremove()[pri:2, instance:Module_1Login_Test_1.SwagLabLoginTest_8@f0da945]" started-at="2023-02-14T15:04:51 IST" name="getremove" finished-at="2023-02-14T15:04:55 IST" duration-ms="4658" status="PASS">
          <reporter-output>
          </reporter-output>
        </test-method> <!-- getremove -->
        <test-method is-config="true" signature="logoutfromapp(org.testng.ITestResult)[pri:0, instance:Module_1Login_Test_1.SwagLabLoginTest_8@f0da945]" started-at="2023-02-14T15:04:55 IST" name="logoutfromapp" finished-at="2023-02-14T15:04:58 IST" duration-ms="2224" status="PASS">
          <params>
            <param index="0">
              <value>
                <![CDATA[[TestResult name=getremove status=SUCCESS method=SwagLabLoginTest_8.getremove()[pri:2, instance:Module_1Login_Test_1.SwagLabLoginTest_8@f0da945] output={null}]]]>
              </value>
            </param>
          </params>
          <reporter-output>
          </reporter-output>
        </test-method> <!-- logoutfromapp -->
        <test-method is-config="true" signature="closebrowser()[pri:0, instance:Module_1Login_Test_1.SwagLabLoginTest_8@f0da945]" started-at="2023-02-14T15:04:58 IST" name="closebrowser" finished-at="2023-02-14T15:04:59 IST" duration-ms="1725" status="PASS">
          <reporter-output>
          </reporter-output>
        </test-method> <!-- closebrowser -->
      </class> <!-- Module_1Login_Test_1.SwagLabLoginTest_8 -->
    </test> <!-- Default test -->
  </suite> <!-- Default suite -->
</testng-results>
